
/home/runner/work/exp-gaussian-elimination-iitb/exp-gaussian-elimination-iitb/experiment/simulation/common_libraries/js/ts_components/collapse_step.js
   1:10  warning  'show_step' is defined but never used                 no-unused-vars
   2:5   warning  '$' is not defined                                    no-undef
   3:9   warning  '$' is not defined                                    no-undef
   6:10  warning  'hide_step' is defined but never used                 no-unused-vars
   7:5   warning  '$' is not defined                                    no-undef
   8:9   warning  '$' is not defined                                    no-undef
  11:10  warning  'get_collapse_btn_text' is defined but never used     no-unused-vars
  20:10  warning  'get_collapse_btn_element' is defined but never used  no-unused-vars
  29:10  warning  'hide_all_steps' is defined but never used            no-unused-vars
  31:9   warning  '$' is not defined                                    no-undef

/home/runner/work/exp-gaussian-elimination-iitb/exp-gaussian-elimination-iitb/experiment/simulation/common_libraries/js/ts_components/matrix.js
   27:26  warning  'MathJax' is not defined                                no-undef
   32:7   warning  'Matrix_Without_String' is defined but never used       no-unused-vars
   52:26  warning  'MathJax' is not defined                                no-undef
   56:10  warning  'get_matrix_html' is defined but never used             no-unused-vars
   87:13  warning  'row_html' is assigned a value but never used           no-unused-vars
   99:10  warning  'get_matrix_html_with_title' is defined but never used  no-unused-vars
  131:13  warning  'row_html' is assigned a value but never used           no-unused-vars
  143:10  warning  'convert_2d_to_1d_vector' is defined but never used     no-unused-vars
  156:10  warning  'convert_1d_to_2d_matrix' is defined but never used     no-unused-vars

/home/runner/work/exp-gaussian-elimination-iitb/exp-gaussian-elimination-iitb/experiment/simulation/common_libraries/js/ts_components/pannel.js
  8:7  warning  'Pannel' is defined but never used  no-unused-vars

/home/runner/work/exp-gaussian-elimination-iitb/exp-gaussian-elimination-iitb/experiment/simulation/common_libraries/js/ts_components/questions.js
   6:17  warning  'op1' is assigned a value but never used      no-unused-vars
   7:17  warning  'op2' is assigned a value but never used      no-unused-vars
   8:17  warning  'op3' is assigned a value but never used      no-unused-vars
   9:17  warning  'op4' is assigned a value but never used      no-unused-vars
  94:7   warning  'Question_Options' is defined but never used  no-unused-vars

/home/runner/work/exp-gaussian-elimination-iitb/exp-gaussian-elimination-iitb/experiment/simulation/common_libraries/js/ts_components/tables.js
   19:22  warning  'verify_values' is not defined                                     no-undef
  137:22  warning  'verify_values' is not defined                                     no-undef
  260:7   warning  'Verify_Rows_Cols_6_decimal_places' is defined but never used      no-unused-vars
  311:22  warning  'verify_values' is not defined                                     no-undef
  416:7   warning  'Verify_Rows_Cols_Custom_Fixed_Update1' is defined but never used  no-unused-vars
  468:7   warning  'Show_Table_Custom_Fixed' is defined but never used                no-unused-vars
  506:7   warning  'Verify_Rows_Cols_Strings' is defined but never used               no-unused-vars
  527:22  warning  'verify_values' is not defined                                     no-undef
  663:7   warning  'Display_Table' is defined but never used                          no-unused-vars

/home/runner/work/exp-gaussian-elimination-iitb/exp-gaussian-elimination-iitb/experiment/simulation/common_libraries/js/ts_math_library/general_math_functions.js
    1:10  warning  'verify_values' is defined but never used                   no-unused-vars
   17:10  warning  'random1' is defined but never used                         no-unused-vars
   21:10  warning  'std_deviation' is defined but never used                   no-unused-vars
   26:10  warning  'gauss' is defined but never used                           no-unused-vars
   56:10  warning  'hide_panel' is defined but never used                      no-unused-vars
   63:10  warning  'inverse_matrix' is defined but never used                  no-unused-vars
   96:10  warning  'matrix_multiplication' is defined but never used           no-unused-vars
  113:10  warning  'transpose_matrix' is defined but never used                no-unused-vars
  123:10  warning  'matrix_multiplication_8decimal' is defined but never used  no-unused-vars
  140:10  warning  'adjoint_2x2_matrix' is defined but never used              no-unused-vars
  145:10  warning  'find_deteminant' is defined but never used                 no-unused-vars
  174:10  warning  'get_Submatrix' is defined but never used                   no-unused-vars

/home/runner/work/exp-gaussian-elimination-iitb/exp-gaussian-elimination-iitb/experiment/simulation/common_libraries/js/ts_math_library/regression.js
   1:10  warning  'regression_linear' is defined but never used            no-unused-vars
  18:10  warning  'regression_linear_1variable' is defined but never used  no-unused-vars
  27:10  warning  'regression_linear_2variable' is defined but never used  no-unused-vars
  52:11  warning  'gauss' is not defined                                   no-undef

/home/runner/work/exp-gaussian-elimination-iitb/exp-gaussian-elimination-iitb/experiment/simulation/common_libraries/math.ob.js
  1:745  warning  'b' is already defined  no-redeclare

/home/runner/work/exp-gaussian-elimination-iitb/exp-gaussian-elimination-iitb/experiment/simulation/js/activity1.js
   21:9    warning  'MathJax' is not defined                       no-undef
   27:23   warning  'get_matrix_html' is not defined               no-undef
   44:23   warning  'get_matrix_html' is not defined               no-undef
   50:10   warning  'start_act1' is defined but never used         no-unused-vars
   55:20   warning  'get_collapse_btn_text' is not defined         no-undef
   60:44   warning  'get_matrix_html' is not defined               no-undef
   60:66   warning  'mat_a' is not defined                         no-undef
   60:166  warning  'get_matrix_html' is not defined               no-undef
   60:188  warning  'mat_c' is not defined                         no-undef
   73:5    warning  'hide_all_steps' is not defined                no-undef
   76:9    warning  'MathJax' is not defined                       no-undef
   78:22   warning  'show_step' is not defined                     no-undef
   80:10   warning  'verify_matrix_a_c' is defined but never used  no-unused-vars
   84:32   warning  'mat_a' is not defined                         no-undef
   85:32   warning  'mat_c' is not defined                         no-undef
   90:18   warning  'verify_values' is not defined                 no-undef
   90:57   warning  'mat_a' is not defined                         no-undef
   99:14   warning  'verify_values' is not defined                 no-undef
   99:53   warning  'mat_c' is not defined                         no-undef
  106:5    warning  'activity2' is not defined                     no-undef
  110:12   warning  'mat_c' is not defined                         no-undef
  111:12   warning  'mat_c' is not defined                         no-undef
  112:12   warning  'mat_c' is not defined                         no-undef
  113:5    warning  'pivoting' is not defined                      no-undef
  113:14   warning  'mat_a' is not defined                         no-undef
  114:5    warning  'mat_c' is not defined                         no-undef
  115:5    warning  'mat_c' is not defined                         no-undef
  119:24   warning  'get_matrix_html' is not defined               no-undef
  119:46   warning  'mat_a' is not defined                         no-undef
  119:146  warning  'get_matrix_html' is not defined               no-undef
  119:168  warning  'mat_c' is not defined                         no-undef

/home/runner/work/exp-gaussian-elimination-iitb/exp-gaussian-elimination-iitb/experiment/simulation/js/activity2.js
    1:10   warning  'activity2' is defined but never used         no-unused-vars
   16:5    warning  'maindiv' is not defined                      no-undef
   18:9    warning  'MathJax' is not defined                      no-undef
   21:10   warning  'start_act2' is defined but never used        no-unused-vars
   26:27   warning  'get_matrix_html' is not defined              no-undef
   43:27   warning  'get_matrix_html' is not defined              no-undef
   48:20   warning  'get_collapse_btn_text' is not defined        no-undef
   53:44   warning  'get_matrix_html' is not defined              no-undef
   53:66   warning  'mat_a' is not defined                        no-undef
   53:166  warning  'get_matrix_html' is not defined              no-undef
   53:188  warning  'mat_c' is not defined                        no-undef
   65:5    warning  'maindiv' is not defined                      no-undef
   66:5    warning  'hide_all_steps' is not defined               no-undef
   69:9    warning  'MathJax' is not defined                      no-undef
   71:22   warning  'show_step' is not defined                    no-undef
   75:12   warning  'mat_c' is not defined                        no-undef
   76:12   warning  'mat_c' is not defined                        no-undef
   77:12   warning  'mat_c' is not defined                        no-undef
   78:5    warning  'upper' is not defined                        no-undef
   78:11   warning  'mat_a' is not defined                        no-undef
   79:5    warning  'mat_c' is not defined                        no-undef
   80:5    warning  'mat_c' is not defined                        no-undef
   82:10   warning  'verify_matrix_ut' is defined but never used  no-unused-vars
   86:32   warning  'mat_a' is not defined                        no-undef
   87:32   warning  'mat_c' is not defined                        no-undef
   92:18   warning  'verify_values' is not defined                no-undef
   92:57   warning  'mat_a' is not defined                        no-undef
  101:14   warning  'verify_values' is not defined                no-undef
  101:53   warning  'mat_c' is not defined                        no-undef
  108:5    warning  'activity3' is not defined                    no-undef
  112:24   warning  'get_matrix_html' is not defined              no-undef
  112:46   warning  'mat_a' is not defined                        no-undef
  112:146  warning  'get_matrix_html' is not defined              no-undef
  112:168  warning  'mat_c' is not defined                        no-undef

/home/runner/work/exp-gaussian-elimination-iitb/exp-gaussian-elimination-iitb/experiment/simulation/js/activity3.js
   1:10   warning  'activity3' is defined but never used         no-unused-vars
  16:5    warning  'maindiv' is not defined                      no-undef
  18:9    warning  'MathJax' is not defined                      no-undef
  21:10   warning  'start_act3' is defined but never used        no-unused-vars
  26:27   warning  'get_matrix_html' is not defined              no-undef
  31:20   warning  'get_collapse_btn_text' is not defined        no-undef
  38:44   warning  'get_matrix_html' is not defined              no-undef
  38:66   warning  'mat_a' is not defined                        no-undef
  38:166  warning  'get_matrix_html' is not defined              no-undef
  38:188  warning  'mat_c' is not defined                        no-undef
  49:5    warning  'maindiv' is not defined                      no-undef
  50:5    warning  'hide_all_steps' is not defined               no-undef
  53:9    warning  'MathJax' is not defined                      no-undef
  55:22   warning  'show_step' is not defined                    no-undef
  59:12   warning  'mat_c' is not defined                        no-undef
  60:12   warning  'mat_c' is not defined                        no-undef
  61:12   warning  'mat_c' is not defined                        no-undef
  62:5    warning  'mat_x' is not defined                        no-undef
  62:13   warning  'back_sub' is not defined                     no-undef
  62:22   warning  'mat_a' is not defined                        no-undef
  63:5    warning  'mat_c' is not defined                        no-undef
  64:5    warning  'mat_c' is not defined                        no-undef
  66:10   warning  'verify_matrix_bs' is defined but never used  no-unused-vars
  69:32   warning  'mat_x' is not defined                        no-undef
  73:14   warning  'verify_values' is not defined                no-undef
  73:53   warning  'mat_x' is not defined                        no-undef
  81:5    warning  'maindiv' is not defined                      no-undef
  85:24   warning  'get_matrix_html' is not defined              no-undef
  85:46   warning  'mat_a' is not defined                        no-undef
  85:146  warning  'get_matrix_html' is not defined              no-undef
  85:168  warning  'mat_c' is not defined                        no-undef

/home/runner/work/exp-gaussian-elimination-iitb/exp-gaussian-elimination-iitb/experiment/simulation/js/data.js
  56:5  warning  'mat_x' is assigned a value but never used  no-unused-vars

/home/runner/work/exp-gaussian-elimination-iitb/exp-gaussian-elimination-iitb/experiment/simulation/js/gauss_ele.js
  42:10  warning  'gauss_ele' is defined but never used  no-unused-vars

/home/runner/work/exp-gaussian-elimination-iitb/exp-gaussian-elimination-iitb/experiment/simulation/js/screen_size.js
  1:10  warning  'set_screen_size' is defined but never used  no-unused-vars

✖ 150 problems (0 errors, 150 warnings)

